<?xml version="1.0" encoding="UTF-8"?>
<!-- Generated by org.testng.reporters.JUnitXMLReporter -->
<testsuite hostname="a" name="Default test" tests="20" failures="0" timestamp="2 Jan 2021 18:45:27 GMT" time="0.233" errors="0">
  <testcase name="@BeforeTest launch_browser" time="0.0" classname="pageObjects.ShortTermHourly">
    <failure type="org.testng.TestNGException" message="
Parameter &amp;apos;Browser&amp;apos; is required by @Configuration on method launch_browser but has not been marked @Optional or defined
in C:\Users\admin\AppData\Local\Temp\testng-eclipse-388470982\testng-customsuite.xml">
      <![CDATA[org.testng.TestNGException: 
Parameter 'Browser' is required by @Configuration on method launch_browser but has not been marked @Optional or defined
in C:\Users\admin\AppData\Local\Temp\testng-eclipse-388470982\testng-customsuite.xml
	at org.testng.internal.Parameters.createParameters(Parameters.java:154)
	at org.testng.internal.Parameters.createParameters(Parameters.java:361)
	at org.testng.internal.Parameters.createConfigurationParameters(Parameters.java:84)
	at org.testng.internal.Invoker.invokeConfigurations(Invoker.java:202)
	at org.testng.internal.Invoker.invokeConfigurations(Invoker.java:143)
	at org.testng.TestRunner.beforeRun(TestRunner.java:656)
	at org.testng.TestRunner.run(TestRunner.java:624)
	at org.testng.SuiteRunner.runTest(SuiteRunner.java:366)
	at org.testng.SuiteRunner.runSequentially(SuiteRunner.java:361)
	at org.testng.SuiteRunner.privateRun(SuiteRunner.java:319)
	at org.testng.SuiteRunner.run(SuiteRunner.java:268)
	at org.testng.SuiteRunnerWorker.runSuite(SuiteRunnerWorker.java:52)
	at org.testng.SuiteRunnerWorker.run(SuiteRunnerWorker.java:86)
	at org.testng.TestNG.runSuitesSequentially(TestNG.java:1225)
	at org.testng.TestNG.runSuitesLocally(TestNG.java:1150)
	at org.testng.TestNG.runSuites(TestNG.java:1075)
	at org.testng.TestNG.run(TestNG.java:1047)
	at org.testng.remote.AbstractRemoteTestNG.run(AbstractRemoteTestNG.java:126)
	at org.testng.remote.RemoteTestNG.initAndRun(RemoteTestNG.java:137)
	at org.testng.remote.RemoteTestNG.main(RemoteTestNG.java:58)
]]>
    </failure>
  </testcase> <!-- @BeforeTest launch_browser -->
  <testcase name="@AfterTest close_Browser" time="0.0" classname="pageObjects.ShortTermHourly">
    <skipped/>
  </testcase> <!-- @AfterTest close_Browser -->
  <testcase name="TC01" time="0.025" classname="pageObjects.ShortTermHourly">
    <skipped/>
  </testcase> <!-- TC01 -->
  <testcase name="TC02" time="0.003" classname="pageObjects.ShortTermHourly">
    <skipped/>
  </testcase> <!-- TC02 -->
  <testcase name="TC03" time="0.006" classname="pageObjects.ShortTermHourly">
    <skipped/>
  </testcase> <!-- TC03 -->
  <testcase name="TC04" time="0.005" classname="pageObjects.ShortTermHourly">
    <skipped/>
  </testcase> <!-- TC04 -->
  <testcase name="TC05" time="0.003" classname="pageObjects.ShortTermHourly">
    <skipped/>
  </testcase> <!-- TC05 -->
  <testcase name="TC06" time="0.003" classname="pageObjects.ShortTermHourly">
    <skipped/>
  </testcase> <!-- TC06 -->
  <testcase name="TC07" time="0.002" classname="pageObjects.ShortTermHourly">
    <skipped/>
  </testcase> <!-- TC07 -->
  <testcase name="TC08" time="0.003" classname="pageObjects.ShortTermHourly">
    <skipped/>
  </testcase> <!-- TC08 -->
  <testcase name="TC09" time="0.004" classname="pageObjects.ShortTermHourly">
    <skipped/>
  </testcase> <!-- TC09 -->
  <testcase name="TC10" time="0.003" classname="pageObjects.ShortTermHourly">
    <skipped/>
  </testcase> <!-- TC10 -->
  <testcase name="TC11" time="0.002" classname="pageObjects.ShortTermHourly">
    <skipped/>
  </testcase> <!-- TC11 -->
  <testcase name="TC12" time="0.002" classname="pageObjects.ShortTermHourly">
    <skipped/>
  </testcase> <!-- TC12 -->
  <testcase name="TC13" time="0.005" classname="pageObjects.ShortTermHourly">
    <skipped/>
  </testcase> <!-- TC13 -->
  <testcase name="TC14" time="0.002" classname="pageObjects.ShortTermHourly">
    <skipped/>
  </testcase> <!-- TC14 -->
  <testcase name="TC15" time="0.003" classname="pageObjects.ShortTermHourly">
    <skipped/>
  </testcase> <!-- TC15 -->
  <testcase name="TC16" time="0.006" classname="pageObjects.ShortTermHourly">
    <skipped/>
  </testcase> <!-- TC16 -->
  <testcase name="TC17" time="0.002" classname="pageObjects.ShortTermHourly">
    <skipped/>
  </testcase> <!-- TC17 -->
  <testcase name="TC18" time="0.003" classname="pageObjects.ShortTermHourly">
    <skipped/>
  </testcase> <!-- TC18 -->
  <testcase name="TC19" time="0.002" classname="pageObjects.ShortTermHourly">
    <skipped/>
  </testcase> <!-- TC19 -->
  <testcase name="TC20" time="0.001" classname="pageObjects.ShortTermHourly">
    <skipped/>
  </testcase> <!-- TC20 -->
</testsuite> <!-- Default test -->
